Arguments: 
  /usr/local/bin/node /usr/local/bin/yarn install

PATH: 
  /usr/local/bin:/usr/bin:/bin:/usr/sbin:/sbin:/Applications/Wireshark.app/Contents/MacOS

Yarn version: 
  1.5.1

Node version: 
  10.16.0

Platform: 
  darwin x64

npm manifest: 
  {
    "name": "xt-react-template",
    "version": "1.0.0",
    "main": "index.js",
    "license": "MIT",
    "scripts": {
      "dev": "node ./node_modules/xt-react-cli/lib/scripts/start.js --port 3002",
      "build": "node build.js",
      "build-dev": "node build.js --env dev",
      "build-test": "node build.js --env test",
      "build-pre": "node build.js --env pre",
      "build-prod": "node build.js --env prod",
      "clear": "rimraf ./build"
    },
    "devDependencies": {
      "eslint-plugin-xt-react": "^1.0.8",
      "rimraf": "^3.0.2",
      "typescript": "^3.9.5",
      "xt-react-cli": "^1.0.33",
      "yargs": "^15.3.1"
    },
    "dependencies": {
      "@types/history": "^4.7.6",
      "history": "^4.10.1",
      "path-to-regexp": "^6.1.0",
      "universal-router": "^9.0.1"
    }
  }

yarn manifest: 
  No manifest

Lockfile: 
  No lockfile

Trace: 
  Error: https://registry.npm.taobao.org/eslint-plugin-xt-react: Not found
      at Request.params.callback [as _callback] (/usr/local/lib/node_modules/yarn/lib/cli.js:65019:18)
      at Request.self.callback (/usr/local/lib/node_modules/yarn/lib/cli.js:132430:22)
      at Request.emit (events.js:198:13)
      at Request.<anonymous> (/usr/local/lib/node_modules/yarn/lib/cli.js:133413:10)
      at Request.emit (events.js:198:13)
      at IncomingMessage.<anonymous> (/usr/local/lib/node_modules/yarn/lib/cli.js:133333:12)
      at Object.onceWrapper (events.js:286:20)
      at IncomingMessage.emit (events.js:203:15)
      at endReadableNT (_stream_readable.js:1129:12)
      at process._tickCallback (internal/process/next_tick.js:63:19)
